app/build/intermediates/manifest_merge_blame_file/debug/processDebugMainManifest/manifest-merger-blame-debug-report.txt
1<?xml version="1.0" encoding="utf-8"?>
2<manifest xmlns:android="http://schemas.android.com/apk/res/android"
3    package="com.selfdiscipline.realm"
4    android:versionCode="8"
5    android:versionName="0.7.0" >
6
7    <uses-sdk
8        android:minSdkVersion="23"
9        android:targetSdkVersion="35" />
10
11    <permission
11-->[androidx.core:core:1.13.0] AndroidManifest.xml:22:5-24:47
12        android:name="com.selfdiscipline.realm.DYNAMIC_RECEIVER_NOT_EXPORTED_PERMISSION"
12-->[androidx.core:core:1.13.0] AndroidManifest.xml:23:9-81
13        android:protectionLevel="signature" />
13-->[androidx.core:core:1.13.0] AndroidManifest.xml:24:9-44
14
15    <uses-permission android:name="com.selfdiscipline.realm.DYNAMIC_RECEIVER_NOT_EXPORTED_PERMISSION" />
15-->[androidx.core:core:1.13.0] AndroidManifest.xml:26:5-97
15-->[androidx.core:core:1.13.0] AndroidManifest.xml:26:22-94
16
17    <application
17-->src/main/AndroidManifest.xml:2:5-21:19
18        android:allowBackup="true"
18-->src/main/AndroidManifest.xml:3:9-35
19        android:appComponentFactory="androidx.core.app.CoreComponentFactory"
19-->[androidx.core:core:1.13.0] AndroidManifest.xml:28:18-86
20        android:debuggable="true"
21        android:extractNativeLibs="false"
22        android:icon="@drawable/ic_app_icon"
22-->src/main/AndroidManifest.xml:6:9-45
23        android:label="@string/app_name"
23-->src/main/AndroidManifest.xml:5:9-41
24        android:roundIcon="@drawable/ic_app_icon"
24-->src/main/AndroidManifest.xml:7:9-50
25        android:testOnly="true"
26        android:theme="@style/AppTheme" >
26-->src/main/AndroidManifest.xml:4:9-40
27        <activity
27-->src/main/AndroidManifest.xml:8:9-83
28            android:name="com.selfdiscipline.realm.RecordDetailActivity"
28-->src/main/AndroidManifest.xml:8:19-55
29            android:exported="false" />
29-->src/main/AndroidManifest.xml:8:56-80
30        <activity
30-->src/main/AndroidManifest.xml:9:9-81
31            android:name="com.selfdiscipline.realm.RecordListActivity"
31-->src/main/AndroidManifest.xml:9:19-53
32            android:exported="false" />
32-->src/main/AndroidManifest.xml:9:54-78
33        <activity
33-->src/main/AndroidManifest.xml:10:9-14:47
34            android:name="com.selfdiscipline.realm.BookDetailActivity"
34-->src/main/AndroidManifest.xml:11:13-47
35            android:exported="false"
35-->src/main/AndroidManifest.xml:12:13-37
36            android:screenOrientation="portrait"
36-->src/main/AndroidManifest.xml:13:13-49
37            android:theme="@style/AppTheme" />
37-->src/main/AndroidManifest.xml:14:13-44
38        <activity
38-->src/main/AndroidManifest.xml:15:9-20:20
39            android:name="com.selfdiscipline.realm.MainActivity"
39-->src/main/AndroidManifest.xml:15:19-47
40            android:exported="true" >
40-->src/main/AndroidManifest.xml:15:48-71
41            <intent-filter>
41-->src/main/AndroidManifest.xml:16:13-19:29
42                <action android:name="android.intent.action.MAIN" />
42-->src/main/AndroidManifest.xml:17:17-69
42-->src/main/AndroidManifest.xml:17:25-66
43
44                <category android:name="android.intent.category.LAUNCHER" />
44-->src/main/AndroidManifest.xml:18:17-77
44-->src/main/AndroidManifest.xml:18:27-74
45            </intent-filter>
46        </activity>
47
48        <provider
48-->[androidx.profileinstaller:profileinstaller:1.4.0] AndroidManifest.xml:24:9-32:20
49            android:name="androidx.startup.InitializationProvider"
49-->[androidx.profileinstaller:profileinstaller:1.4.0] AndroidManifest.xml:25:13-67
50            android:authorities="com.selfdiscipline.realm.androidx-startup"
50-->[androidx.profileinstaller:profileinstaller:1.4.0] AndroidManifest.xml:26:13-68
51            android:exported="false" >
51-->[androidx.profileinstaller:profileinstaller:1.4.0] AndroidManifest.xml:27:13-37
52            <meta-data
52-->[androidx.profileinstaller:profileinstaller:1.4.0] AndroidManifest.xml:29:13-31:52
53                android:name="androidx.profileinstaller.ProfileInstallerInitializer"
53-->[androidx.profileinstaller:profileinstaller:1.4.0] AndroidManifest.xml:30:17-85
54                android:value="androidx.startup" />
54-->[androidx.profileinstaller:profileinstaller:1.4.0] AndroidManifest.xml:31:17-49
55        </provider>
56
57        <receiver
57-->[androidx.profileinstaller:profileinstaller:1.4.0] AndroidManifest.xml:34:9-52:20
58            android:name="androidx.profileinstaller.ProfileInstallReceiver"
58-->[androidx.profileinstaller:profileinstaller:1.4.0] AndroidManifest.xml:35:13-76
59            android:directBootAware="false"
59-->[androidx.profileinstaller:profileinstaller:1.4.0] AndroidManifest.xml:36:13-44
60            android:enabled="true"
60-->[androidx.profileinstaller:profileinstaller:1.4.0] AndroidManifest.xml:37:13-35
61            android:exported="true"
61-->[androidx.profileinstaller:profileinstaller:1.4.0] AndroidManifest.xml:38:13-36
62            android:permission="android.permission.DUMP" >
62-->[androidx.profileinstaller:profileinstaller:1.4.0] AndroidManifest.xml:39:13-57
63            <intent-filter>
63-->[androidx.profileinstaller:profileinstaller:1.4.0] AndroidManifest.xml:40:13-42:29
64                <action android:name="androidx.profileinstaller.action.INSTALL_PROFILE" />
64-->[androidx.profileinstaller:profileinstaller:1.4.0] AndroidManifest.xml:41:17-91
64-->[androidx.profileinstaller:profileinstaller:1.4.0] AndroidManifest.xml:41:25-88
65            </intent-filter>
66            <intent-filter>
66-->[androidx.profileinstaller:profileinstaller:1.4.0] AndroidManifest.xml:43:13-45:29
67                <action android:name="androidx.profileinstaller.action.SKIP_FILE" />
67-->[androidx.profileinstaller:profileinstaller:1.4.0] AndroidManifest.xml:44:17-85
67-->[androidx.profileinstaller:profileinstaller:1.4.0] AndroidManifest.xml:44:25-82
68            </intent-filter>
69            <intent-filter>
69-->[androidx.profileinstaller:profileinstaller:1.4.0] AndroidManifest.xml:46:13-48:29
70                <action android:name="androidx.profileinstaller.action.SAVE_PROFILE" />
70-->[androidx.profileinstaller:profileinstaller:1.4.0] AndroidManifest.xml:47:17-88
70-->[androidx.profileinstaller:profileinstaller:1.4.0] AndroidManifest.xml:47:25-85
71            </intent-filter>
72            <intent-filter>
72-->[androidx.profileinstaller:profileinstaller:1.4.0] AndroidManifest.xml:49:13-51:29
73                <action android:name="androidx.profileinstaller.action.BENCHMARK_OPERATION" />
73-->[androidx.profileinstaller:profileinstaller:1.4.0] AndroidManifest.xml:50:17-95
73-->[androidx.profileinstaller:profileinstaller:1.4.0] AndroidManifest.xml:50:25-92
74            </intent-filter>
75        </receiver>
76    </application>
77
78</manifest>